<?xml version="1.0" encoding="utf-8"?><testsuites name="pytest tests"><testsuite name="pytest" errors="0" failures="1" skipped="1" tests="38" time="8.423" timestamp="2026-09-24T20:18:59.102249+00:00" hostname="agent-env-216bbef4-7032-4967-a4d2-ea7d6c9de570"><testcase classname="tests.test_azure_deployment_contract" name="test_spa_routes_serve_index_html[/]" time="0.126" /><testcase classname="tests.test_admin_auth_rotation" name="test_admin_login_only_new_credentials_work" time="0.398" /><testcase classname="tests.test_azure_deployment_contract" name="test_spa_routes_serve_index_html[/register]" time="0.128" /><testcase classname="tests.test_azure_deployment_contract" name="test_spa_routes_serve_index_html[/registration-status]" time="0.151" /><testcase classname="tests.test_admin_auth_rotation" name="test_old_admin_credentials_rejected" time="0.098" /><testcase classname="tests.test_azure_deployment_contract" name="test_spa_routes_serve_index_html[/admin/login]" time="0.115" /><testcase classname="tests.test_admin_auth_rotation" name="test_me_returns_nxtgen_with_new_cookie" time="0.384" /><testcase classname="tests.test_azure_deployment_contract" name="test_spa_routes_serve_index_html[/admin]" time="0.089" /><testcase classname="tests.test_azure_deployment_contract" name="test_payment_qr_asset_serves_png" time="0.120" /><testcase classname="tests.test_azure_deployment_contract" name="test_unknown_api_route_is_json_404" time="0.115" /><testcase classname="tests.test_azure_deployment_contract" name="test_health_endpoint_returns_database_and_storage_ok" time="0.086" /><testcase classname="tests.test_admin_auth_rotation" name="test_pre_rotation_jwt_cookie_rejected" time="0.000"><skipped type="pytest.skip" message="Missing synthetic pre-rotation token fixture">/app/backend/tests/test_admin_auth_rotation.py:101: Missing synthetic pre-rotation token fixture</skipped></testcase><testcase classname="tests.test_admin_auth_rotation" name="test_admin_seed_state_and_password_hash_storage" time="0.004" /><testcase classname="tests.test_admin_auth_rotation" name="test_bruteforce_lockout_after_five_failures" time="2.087" /><testcase classname="tests.test_azure_deployment_contract" name="test_admin_login_sets_httponly_cookie" time="0.491" /><testcase classname="tests.test_azure_deployment_contract" name="test_screenshot_endpoint_requires_authentication" time="0.240" /><testcase classname="tests.test_azure_deployment_contract" name="test_authenticated_screenshot_endpoint_is_private_no_store" time="0.923"><failure message="AssertionError: assert 'no-store, no...st-revalidate' == 'private, no-store'&#10;  &#10;  - private, no-store&#10;  + no-store, no-cache, must-revalidate">backend/tests/test_azure_deployment_contract.py:163: in test_authenticated_screenshot_endpoint_is_private_no_store
    assert shot.headers.get("cache-control") == "private, no-store"
E   AssertionError: assert 'no-store, no...st-revalidate' == 'private, no-store'
E     
E     - private, no-store
E     + no-store, no-cache, must-revalidate</failure></testcase><testcase classname="tests.test_azure_deployment_contract" name="test_registration_submit_rejects_oversized_screenshot" time="0.383" /><testcase classname="tests.test_admin_auth_rotation" name="test_cors_allows_credentials_with_explicit_origin" time="0.110" /><testcase classname="tests.test_azure_deployment_contract" name="test_registration_submit_rejects_magic_byte_mismatch" time="0.093" /><testcase classname="tests.test_registration_admin_api" name="test_registration_config_latest_values" time="0.082" /><testcase classname="tests.test_azure_deployment_contract" name="test_bruteforce_lockout_after_five_failures" time="2.825" /><testcase classname="tests.test_registration_admin_api" name="test_submit_rejects_rulebook_not_accepted" time="0.244" /><testcase classname="tests.test_registration_admin_api" name="test_submit_all_games_pending_with_server_fees" time="1.927" /><testcase classname="tests.test_azure_deployment_contract" name="test_cors_preflight_allows_credentials_for_explicit_origin" time="0.121" /><testcase classname="tests.test_registration_admin_api" name="test_admin_list_and_details_show_new_fields" time="0.889" /><testcase classname="tests.test_azure_deployment_contract" name="test_seed_admin_hash_starts_with_2b_prefix" time="0.005" /><testcase classname="tests.test_azure_deployment_contract" name="test_upload_dir_is_not_inside_static_dir" time="0.000" /><testcase classname="tests.test_azure_deployment_contract" name="test_admin_duplicate_warning_queries_are_bounded" time="0.000" /><testcase classname="tests.test_azure_deployment_contract" name="test_dockerfile_matches_single_container_azure_contract" time="0.000" /><testcase classname="tests.test_azure_deployment_contract" name="test_dockerignore_excludes_sensitive_and_local_artifacts" time="0.000" /><testcase classname="tests.test_azure_deployment_contract" name="test_github_workflow_uses_oidc_and_sha_image_deploy" time="0.000" /><testcase classname="tests.test_azure_deployment_contract" name="test_compose_and_azure_env_example_are_consistent" time="0.000" /><testcase classname="tests.test_azure_deployment_contract" name="test_azure_deployment_documentation_contains_required_guidance" time="0.000" /><testcase classname="tests.test_azure_deployment_contract" name="test_health_returns_503_when_upload_dir_is_unwritable[asyncio]" time="0.001" /><testcase classname="tests.test_azure_deployment_contract" name="test_lifespan_waits_for_index_task_then_closes_client[asyncio]" time="0.051" /><testcase classname="tests.test_registration_admin_api" name="test_admin_approve_and_reject_controls" time="0.330" /><testcase classname="tests.test_registration_admin_api" name="test_csv_export_includes_required_columns_and_values" time="0.038" /></testsuite></testsuites>