<?xml version="1.0" encoding="utf-8"?><testsuites name="pytest tests"><testsuite name="pytest" errors="0" failures="0" skipped="0" tests="6" time="2.766" timestamp="2026-09-24T18:08:12.251263+00:00" hostname="agent-env-216bbef4-7032-4967-a4d2-ea7d6c9de570"><testcase classname="tests.test_registration_admin_api" name="test_registration_config_latest_values" time="0.325" /><testcase classname="tests.test_registration_admin_api" name="test_submit_rejects_rulebook_not_accepted" time="0.170" /><testcase classname="tests.test_registration_admin_api" name="test_submit_all_games_pending_with_server_fees" time="0.533" /><testcase classname="tests.test_registration_admin_api" name="test_admin_list_and_details_show_new_fields" time="0.592" /><testcase classname="tests.test_registration_admin_api" name="test_admin_approve_and_reject_controls" time="0.398" /><testcase classname="tests.test_registration_admin_api" name="test_csv_export_includes_required_columns_and_values" time="0.046" /></testsuite></testsuites>